# JRE version: Java(TM) SE Runtime Environment (17.0+35) (build 17+35-LTS-2724)
# Java VM: Java HotSpot(TM) 64-Bit Server VM (17+35-LTS-2724, mixed mode, sharing, tiered, compressed oops, compressed class ptrs, g1 gc, windows-amd64)
GC Precious Log:
 CPUs: 8 total, 8 available
 Memory: 16167M
 Large Page Support: Disabled
 NUMA Support: Disabled
 Compressed Oops: Enabled (32-bit)
 Heap Region Size: 1M
 Heap Min Capacity: 8M
 Heap Initial Capacity: 254M
 Heap Max Capacity: 2G
 Pre-touch: Disabled
 Parallel Workers: 8
 Concurrent Workers: 2
 Concurrent Refinement Workers: 8
 Periodic GC: Disabled
Heap:
 garbage-first heap   total 158720K, used 92489K [0x0000000080000000, 0x0000000100000000)
  region size 1024K, 4 young (4096K), 4 survivors (4096K)
 Metaspace       used 77003K, committed 77760K, reserved 495616K
  class space    used 10742K, committed 11072K, reserved 421888K
GC Heap History (20 events):
Event: 36.943 GC heap after
{Heap after GC invocations=28 (full 0):
 garbage-first heap   total 107520K, used 62600K [0x0000000080000000, 0x0000000100000000)
  region size 1024K, 4 young (4096K), 4 survivors (4096K)
 Metaspace       used 59885K, committed 60544K, reserved 479232K
  class space    used 8454K, committed 8768K, reserved 421888K
}
Event: 37.483 GC heap before
{Heap before GC invocations=29 (full 0):
 garbage-first heap   total 114688K, used 87176K [0x0000000080000000, 0x0000000100000000)
  region size 1024K, 28 young (28672K), 4 survivors (4096K)
 Metaspace       used 61229K, committed 61888K, reserved 479232K
  class space    used 8663K, committed 8960K, reserved 421888K
}
Event: 37.492 GC heap after
{Heap after GC invocations=30 (full 0):
 garbage-first heap   total 114688K, used 64361K [0x0000000080000000, 0x0000000100000000)
  region size 1024K, 2 young (2048K), 2 survivors (2048K)
 Metaspace       used 61229K, committed 61888K, reserved 479232K
  class space    used 8663K, committed 8960K, reserved 421888K
}
Event: 38.582 GC heap before
{Heap before GC invocations=30 (full 0):
 garbage-first heap   total 114688K, used 93033K [0x0000000080000000, 0x0000000100000000)
  region size 1024K, 30 young (30720K), 2 survivors (2048K)
 Metaspace       used 63083K, committed 63744K, reserved 479232K
  class space    used 8951K, committed 9280K, reserved 421888K
}
Event: 38.594 GC heap after
{Heap after GC invocations=31 (full 0):
 garbage-first heap   total 152576K, used 66965K [0x0000000080000000, 0x0000000100000000)
  region size 1024K, 4 young (4096K), 4 survivors (4096K)
 Metaspace       used 63083K, committed 63744K, reserved 479232K
  class space    used 8951K, committed 9280K, reserved 421888K
}
Event: 40.306 GC heap before
{Heap before GC invocations=32 (full 0):
 garbage-first heap   total 152576K, used 125333K [0x0000000080000000, 0x0000000100000000)
  region size 1024K, 57 young (58368K), 4 survivors (4096K)
 Metaspace       used 65336K, committed 66112K, reserved 479232K
  class space    used 9294K, committed 9664K, reserved 421888K
}
Event: 40.320 GC heap after
{Heap after GC invocations=33 (full 0):
 garbage-first heap   total 152576K, used 79862K [0x0000000080000000, 0x0000000100000000)
  region size 1024K, 8 young (8192K), 8 survivors (8192K)
 Metaspace       used 65336K, committed 66112K, reserved 479232K
  class space    used 9294K, committed 9664K, reserved 421888K
}
Event: 40.953 GC heap before
{Heap before GC invocations=33 (full 0):
 garbage-first heap   total 152576K, used 119798K [0x0000000080000000, 0x0000000100000000)
  region size 1024K, 48 young (49152K), 8 survivors (8192K)
 Metaspace       used 68672K, committed 69376K, reserved 487424K
  class space    used 9660K, committed 9984K, reserved 421888K
}
Event: 40.960 GC heap after
{Heap after GC invocations=34 (full 0):
 garbage-first heap   total 152576K, used 82439K [0x0000000080000000, 0x0000000100000000)
  region size 1024K, 3 young (3072K), 3 survivors (3072K)
 Metaspace       used 68672K, committed 69376K, reserved 487424K
  class space    used 9660K, committed 9984K, reserved 421888K
}
Event: 41.609 GC heap before
{Heap before GC invocations=35 (full 0):
 garbage-first heap   total 152576K, used 128519K [0x0000000080000000, 0x0000000100000000)
  region size 1024K, 42 young (43008K), 3 survivors (3072K)
 Metaspace       used 71121K, committed 71808K, reserved 487424K
  class space    used 9978K, committed 10304K, reserved 421888K
}
Event: 41.615 GC heap after
{Heap after GC invocations=36 (full 0):
 garbage-first heap   total 152576K, used 86740K [0x0000000080000000, 0x0000000100000000)
  region size 1024K, 6 young (6144K), 6 survivors (6144K)
 Metaspace       used 71121K, committed 71808K, reserved 487424K
  class space    used 9978K, committed 10304K, reserved 421888K
}
Event: 41.631 GC heap before
{Heap before GC invocations=36 (full 0):
 garbage-first heap   total 152576K, used 87764K [0x0000000080000000, 0x0000000100000000)
  region size 1024K, 7 young (7168K), 6 survivors (6144K)
 Metaspace       used 71197K, committed 71872K, reserved 487424K
  class space    used 9986K, committed 10304K, reserved 421888K
}
Event: 41.637 GC heap after
{Heap after GC invocations=37 (full 0):
 garbage-first heap   total 152576K, used 87087K [0x0000000080000000, 0x0000000100000000)
  region size 1024K, 1 young (1024K), 1 survivors (1024K)
 Metaspace       used 71197K, committed 71872K, reserved 487424K
  class space    used 9986K, committed 10304K, reserved 421888K
}
Event: 42.239 GC heap before
{Heap before GC invocations=37 (full 0):
 garbage-first heap   total 152576K, used 122927K [0x0000000080000000, 0x0000000100000000)
  region size 1024K, 36 young (36864K), 1 survivors (1024K)
 Metaspace       used 73739K, committed 74496K, reserved 487424K
  class space    used 10305K, committed 10624K, reserved 421888K
}
Event: 42.244 GC heap after
{Heap after GC invocations=38 (full 0):
 garbage-first heap   total 152576K, used 88327K [0x0000000080000000, 0x0000000100000000)
  region size 1024K, 2 young (2048K), 2 survivors (2048K)
 Metaspace       used 73739K, committed 74496K, reserved 487424K
  class space    used 10305K, committed 10624K, reserved 421888K
}
Event: 42.987 GC heap before
{Heap before GC invocations=39 (full 0):
 garbage-first heap   total 158720K, used 125191K [0x0000000080000000, 0x0000000100000000)
  region size 1024K, 38 young (38912K), 2 survivors (2048K)
 Metaspace       used 76495K, committed 77248K, reserved 495616K
  class space    used 10656K, committed 11008K, reserved 421888K
}
Event: 42.996 GC heap after
{Heap after GC invocations=40 (full 0):
 garbage-first heap   total 158720K, used 90154K [0x0000000080000000, 0x0000000100000000)
  region size 1024K, 4 young (4096K), 4 survivors (4096K)
 Metaspace       used 76495K, committed 77248K, reserved 495616K
  class space    used 10656K, committed 11008K, reserved 421888K
}
Event: 43.082 GC heap before
{Heap before GC invocations=40 (full 0):
 garbage-first heap   total 158720K, used 93226K [0x0000000080000000, 0x0000000100000000)
  region size 1024K, 7 young (7168K), 4 survivors (4096K)
 Metaspace       used 76768K, committed 77504K, reserved 495616K
  class space    used 10703K, committed 11072K, reserved 421888K
}
Event: 43.094 GC heap after
{Heap after GC invocations=41 (full 0):
 garbage-first heap   total 158720K, used 89906K [0x0000000080000000, 0x0000000100000000)
  region size 1024K, 1 young (1024K), 1 survivors (1024K)
 Metaspace       used 76768K, committed 77504K, reserved 495616K
  class space    used 10703K, committed 11072K, reserved 421888K
}
Event: 43.511 GC heap before
{Heap before GC invocations=41 (full 0):
 garbage-first heap   total 158720K, used 129842K [0x0000000080000000, 0x0000000100000000)
  region size 1024K, 40 young (40960K), 1 survivors (1024K)
 Metaspace       used 77003K, committed 77760K, reserved 495616K
  class space    used 10742K, committed 11072K, reserved 421888K
}

